<?xml version="1.0" encoding="UTF-8"?>
<!-- Generated by org.testng.reporters.JUnitXMLReporter -->
<testsuite hostname="ATSYSTEMS-PC" ignored="0" name="Default test(failed)(failed)" tests="1" failures="1" timestamp="13 Feb 2022 18:42:58 GMT" time="0.119" errors="0">
  <testcase name="test01" time="0.083" classname="selbatch2.WaitEx">
    <failure type="java.lang.IllegalStateException" message="The driver executable does not exist: C:\Users\AT SYSTEMS\Desktop\WORKSPACE\selbatch2\chromedriver.exe">
      <![CDATA[java.lang.IllegalStateException: The driver executable does not exist: C:\Users\AT SYSTEMS\Desktop\WORKSPACE\selbatch2\chromedriver.exeat com.google.common.base.Preconditions.checkState(Preconditions.java:585)at org.openqa.selenium.remote.service.DriverService.checkExecutable(DriverService.java:146)at org.openqa.selenium.remote.service.DriverService.findExecutable(DriverService.java:141)at org.openqa.selenium.chrome.ChromeDriverService.access$000(ChromeDriverService.java:35)at org.openqa.selenium.chrome.ChromeDriverService$Builder.findDefaultExecutable(ChromeDriverService.java:159)at org.openqa.selenium.remote.service.DriverService$Builder.build(DriverService.java:355)at org.openqa.selenium.chrome.ChromeDriverService.createDefaultService(ChromeDriverService.java:94)at org.openqa.selenium.chrome.ChromeDriver.<init>(ChromeDriver.java:123)at selbatch2.WaitEx.test01(WaitEx.java:21)... Removed 25 stack frames]]>
    </failure>
  </testcase> <!-- test01 -->
</testsuite> <!-- Default test(failed)(failed) -->
